c:\users\ugurc\google drive\current\mmi713\project\phase3\canqueens\src\canqueens\x64\debug\canqueens.lib
c:\users\ugurc\google drive\current\mmi713\project\phase3\canqueens\src\canqueens\x64\debug\canqueens.exp
x64\debug\board.cu.obj
x64\debug\ca.cu.obj
x64\debug\explore.cu.obj
x64\debug\controller.cu.obj
x64\debug\flif.cu.obj
x64\debug\main.cu.obj
x64\debug\memory.cu.obj
x64\debug\synapse.cu.obj
x64\debug\value.cu.obj
c:\users\ugurc\google drive\current\mmi713\project\phase3\canqueens\src\canqueens\x64\debug\canqueens.exe
c:\users\ugurc\google drive\current\mmi713\project\phase3\canqueens\src\canqueens\x64\debug\canqueens.ilk
c:\users\ugurc\google drive\current\mmi713\project\phase3\canqueens\src\canqueens\x64\debug\canqueens.pdb
c:\users\ugurc\google drive\current\mmi713\project\phase3\canqueens\src\canqueens\canqueens\x64\debug\board.cu.cache
c:\users\ugurc\google drive\current\mmi713\project\phase3\canqueens\src\canqueens\canqueens\x64\debug\ca.cu.cache
c:\users\ugurc\google drive\current\mmi713\project\phase3\canqueens\src\canqueens\canqueens\x64\debug\chromosome.cu.cache
c:\users\ugurc\google drive\current\mmi713\project\phase3\canqueens\src\canqueens\canqueens\x64\debug\controller.cu.cache
c:\users\ugurc\google drive\current\mmi713\project\phase3\canqueens\src\canqueens\canqueens\x64\debug\explore.cu.cache
c:\users\ugurc\google drive\current\mmi713\project\phase3\canqueens\src\canqueens\canqueens\x64\debug\flif.cu.cache
c:\users\ugurc\google drive\current\mmi713\project\phase3\canqueens\src\canqueens\canqueens\x64\debug\kernel.cu.cache
c:\users\ugurc\google drive\current\mmi713\project\phase3\canqueens\src\canqueens\canqueens\x64\debug\main.cu.cache
c:\users\ugurc\google drive\current\mmi713\project\phase3\canqueens\src\canqueens\canqueens\x64\debug\memory.cu.cache
c:\users\ugurc\google drive\current\mmi713\project\phase3\canqueens\src\canqueens\canqueens\x64\debug\synapse.cu.cache
c:\users\ugurc\google drive\current\mmi713\project\phase3\canqueens\src\canqueens\canqueens\x64\debug\value.cu.cache
c:\users\ugurc\google drive\current\mmi713\project\phase3\canqueens\src\canqueens\canqueens\x64\debug\board.cu.obj
c:\users\ugurc\google drive\current\mmi713\project\phase3\canqueens\src\canqueens\canqueens\x64\debug\ca.cu.obj
c:\users\ugurc\google drive\current\mmi713\project\phase3\canqueens\src\canqueens\canqueens\x64\debug\canqueens.device-link.obj
c:\users\ugurc\google drive\current\mmi713\project\phase3\canqueens\src\canqueens\canqueens\x64\debug\chromosome.cu.obj
c:\users\ugurc\google drive\current\mmi713\project\phase3\canqueens\src\canqueens\canqueens\x64\debug\controller.cu.obj
c:\users\ugurc\google drive\current\mmi713\project\phase3\canqueens\src\canqueens\canqueens\x64\debug\explore.cu.obj
c:\users\ugurc\google drive\current\mmi713\project\phase3\canqueens\src\canqueens\canqueens\x64\debug\flif.cu.obj
c:\users\ugurc\google drive\current\mmi713\project\phase3\canqueens\src\canqueens\canqueens\x64\debug\kernel.cu.obj
c:\users\ugurc\google drive\current\mmi713\project\phase3\canqueens\src\canqueens\canqueens\x64\debug\main.cu.obj
c:\users\ugurc\google drive\current\mmi713\project\phase3\canqueens\src\canqueens\canqueens\x64\debug\memory.cu.obj
c:\users\ugurc\google drive\current\mmi713\project\phase3\canqueens\src\canqueens\canqueens\x64\debug\synapse.cu.obj
c:\users\ugurc\google drive\current\mmi713\project\phase3\canqueens\src\canqueens\canqueens\x64\debug\value.cu.obj
c:\users\ugurc\google drive\current\mmi713\project\phase3\canqueens\src\canqueens\canqueens\x64\debug\vc142.pdb
c:\users\ugurc\google drive\current\mmi713\project\phase3\canqueens\src\canqueens\canqueens\x64\debug\canqueens.tlog\canqueens.write.1u.tlog
c:\users\ugurc\google drive\current\mmi713\project\phase3\canqueens\src\canqueens\canqueens\x64\debug\canqueens.tlog\cudacompile.read.1u.tlog
c:\users\ugurc\google drive\current\mmi713\project\phase3\canqueens\src\canqueens\canqueens\x64\debug\canqueens.tlog\cudacompile.write.1u.tlog
c:\users\ugurc\google drive\current\mmi713\project\phase3\canqueens\src\canqueens\canqueens\x64\debug\canqueens.tlog\link.command.1.tlog
c:\users\ugurc\google drive\current\mmi713\project\phase3\canqueens\src\canqueens\canqueens\x64\debug\canqueens.tlog\link.read.1.tlog
c:\users\ugurc\google drive\current\mmi713\project\phase3\canqueens\src\canqueens\canqueens\x64\debug\canqueens.tlog\link.write.1.tlog
